Arguments: 
  /root/.nvm/versions/node/v14.15.0/bin/node /mnt/c/Users/Amr_Yassr/AppData/Roaming/npm/node_modules/yarn/bin/yarn.js

PATH: 
  /root/.vscode-server/bin/6261075646f055b99068d3688932416f2346dd3b/bin/remote-cli:/root/.nvm/versions/node/v14.15.0/bin:/usr/local/sbin:/usr/local/bin:/usr/sbin:/usr/bin:/sbin:/bin:/usr/games:/usr/local/games:/usr/lib/wsl/lib:/mnt/c/Program Files/Python311/Scripts/:/mnt/c/Program Files/Python311/:/mnt/c/Windows/system32:/mnt/c/Windows:/mnt/c/Windows/System32/Wbem:/mnt/c/Windows/System32/WindowsPowerShell/v1.0/:/mnt/c/Windows/System32/OpenSSH/:/mnt/c/Users/Amr_Yassr/AppData/Roaming/nvm:/mnt/c/Program Files/nodejs:/mnt/c/Program Files/Git/cmd:/mnt/c/ProgramData/chocolatey/bin:/mnt/c/Program Files/dotnet/:/mnt/c/Program Files/Amazon/AWSCLIV2/:/mnt/c/Program Files/MySQL/MySQL Shell 8.0/bin/:/mnt/c/Users/Amr_Yassr/AppData/Local/Microsoft/WindowsApps:/mnt/c/Users/Amr_Yassr/AppData/Local/Programs/Microsoft VS Code/bin:/mnt/c/Users/Amr_Yassr/AppData/Roaming/nvm:/mnt/c/Program Files/nodejs:/mnt/c/Users/Amr_Yassr/AppData/Local/GitHubDesktop/bin:/mnt/c/Users/Amr_Yassr/AppData/Roaming/npm:/snap/bin

Yarn version: 
  1.22.19

Node version: 
  14.15.0

Platform: 
  linux x64

Trace: 
  Error: getaddrinfo EAI_AGAIN registry.yarnpkg.com
      at GetAddrInfoReqWrap.onlookup [as oncomplete] (dns.js:67:26)

npm manifest: 
  {
    "name": "udagram-api",
    "version": "2.0.0",
    "description": "",
    "engines": {
      "node": "14.15.0"
    },
    "main": "server.ts",
    "scripts": {
      "start": "node ./www/server.js",
      "tsc": "npx tsc",
      "dev": "npx ts-node-dev --respawn --transpile-only ./src/server.ts",
      "prod": "npx tsc && node ./www/server.js",
      "clean": "sudo rm -rf www/ || true",
      "deploy": "npm run build && eb list && eb use udagram-api-dev && eb deploy",
      "build": "npm install . && npm run clean && tsc && cp -rf src/config www/config && cp -R .elasticbeanstalk www/.elasticbeanstalk && cp .npmrc www/.npmrc && cp package.json www/package.json && cd www && zip -r Archive.zip . && cd ..",
      "test": "echo \"Error: no test specified\" && exit 1"
    },
    "keywords": [],
    "license": "ISC",
    "dependencies": {
      "@types/bcryptjs": "2.4.2",
      "@types/jsonwebtoken": "^8.3.2",
      "aws-sdk": "^2.1266.0",
      "bcryptjs": "2.4.3",
      "body-parser": "^1.18.3",
      "cors": "^2.8.5",
      "dotenv": "^8.2.0",
      "email-validator": "^2.0.4",
      "express": "^4.16.4",
      "jsonwebtoken": "^8.5.1",
      "pg": "^8.7.1",
      "reflect-metadata": "^0.1.13",
      "sequelize": "^6.26.0",
      "sequelize-typescript": "^2.1.5"
    },
    "devDependencies": {
      "@types/bluebird": "^3.5.26",
      "@types/cors": "^2.8.6",
      "@types/express": "^4.16.1",
      "@types/node": "^11.11.6",
      "@types/sequelize": "^4.27.44",
      "@types/validator": "^10.9.0",
      "@typescript-eslint/eslint-plugin": "^2.19.2",
      "@typescript-eslint/parser": "^2.19.2",
      "chai": "^4.2.0",
      "chai-http": "^4.2.1",
      "eslint": "^8.26.0",
      "eslint-config-google": "^0.14.0",
      "mocha": "^10.1.0",
      "ts-node-dev": "^2.0.0",
      "typescript": "^4.2.3"
    }
  }

yarn manifest: 
  No manifest

Lockfile: 
  No lockfile
